<?xml version="1.0" encoding="UTF-8"?>
<testng-results skipped="0" failed="0" total="1" passed="1">
  <reporter-output>
  </reporter-output>
  <suite name="Default suite" duration-ms="2999" started-at="2019-11-02T15:38:45Z" finished-at="2019-11-02T15:38:48Z">
    <groups>
    </groups>
    <test name="Default test" duration-ms="2999" started-at="2019-11-02T15:38:45Z" finished-at="2019-11-02T15:38:48Z">
      <class name="TestNG.VerifyLoginTest">
        <test-method status="PASS" signature="launch()[pri:0, instance:TestNG.VerifyLoginTest@643b1d11]" name="launch" is-config="true" duration-ms="2224" started-at="2019-11-02T15:38:45Z" finished-at="2019-11-02T15:38:47Z">
          <reporter-output>
          </reporter-output>
        </test-method> <!-- launch -->
        <test-method status="PASS" signature="verifyLogin()[pri:0, instance:TestNG.VerifyLoginTest@643b1d11]" name="verifyLogin" duration-ms="631" started-at="2019-11-02T15:38:47Z" finished-at="2019-11-02T15:38:48Z">
          <reporter-output>
          </reporter-output>
        </test-method> <!-- verifyLogin -->
        <test-method status="PASS" signature="close()[pri:0, instance:TestNG.VerifyLoginTest@643b1d11]" name="close" is-config="true" duration-ms="120" started-at="2019-11-02T15:38:48Z" finished-at="2019-11-02T15:38:48Z">
          <reporter-output>
          </reporter-output>
        </test-method> <!-- close -->
      </class> <!-- TestNG.VerifyLoginTest -->
    </test> <!-- Default test -->
  </suite> <!-- Default suite -->
</testng-results>
